<?xml version="1.0" encoding="UTF-8"?>
<!-- Generated by org.testng.reporters.JUnitReportReporter -->
<testsuite hostname="Mertkan" failures="0" tests="3" name="dataDriven.excelDataProvider.DataProvide" time="0.011" errors="0" timestamp="2023-02-02T18:29:21 TRT" skipped="0">
  <testcase classname="dataDriven.excelDataProvider.DataProvide" name="testCaseData" time="0.005"/>
  <system-out/>
  <testcase classname="dataDriven.excelDataProvider.DataProvide" name="testCaseData" time="0.003"/>
  <system-out/>
  <testcase classname="dataDriven.excelDataProvider.DataProvide" name="testCaseData" time="0.003"/>
  <system-out/>
</testsuite> <!-- dataDriven.excelDataProvider.DataProvide -->
